\BOOKMARK [1][-]{section.1}{\332vod}{}% 1
\BOOKMARK [1][-]{section.2}{Struktura digit\341ln\355ho r\341diov\351ho syst\351mu}{}% 2
\BOOKMARK [2][-]{subsection.2.1}{Vys\355lac}{section.2}% 3
\BOOKMARK [1][-]{section.3}{Teoretick\375 popis funkce vys\355lace}{}% 4
\BOOKMARK [2][-]{subsection.3.1}{Moduacn\355 sch\351ma}{section.3}% 5
\BOOKMARK [2][-]{subsection.3.2}{Tvarov\341n\355 impulzu}{section.3}% 6
\BOOKMARK [2][-]{subsection.3.3}{Popis casov\375ch souvislost\355 sign\341lu s tvarovan\375m impulzem}{section.3}% 7
\BOOKMARK [1][-]{section.4}{Gener\341tor r\341diov\351ho sign\341lu}{}% 8
\BOOKMARK [2][-]{subsection.4.1}{Realizace Up-convertoru - Python}{section.4}% 9
\BOOKMARK [2][-]{subsection.4.2}{Zpusob generov\341n\355}{section.4}% 10
\BOOKMARK [3][-]{subsubsection.4.2.1}{Pr\355m\375 gener\341tor}{subsection.4.2}% 11
\BOOKMARK [3][-]{subsubsection.4.2.2}{Root raised \205 cosine filtr}{subsection.4.2}% 12
\BOOKMARK [2][-]{subsection.4.3}{Pou\236it\355 bloku USRP v GNU Radio}{section.4}% 13
\BOOKMARK [1][-]{section.5}{Simulace - popis vytvoren\375ch funkc\355}{}% 14
\BOOKMARK [2][-]{subsection.5.1}{Gener\341tory sign\341lu}{section.5}% 15
\BOOKMARK [3][-]{subsubsection.5.1.1}{Jednoduch\351 impulzy}{subsection.5.1}% 16
\BOOKMARK [3][-]{subsubsection.5.1.2}{Posloupnosti impulzu}{subsection.5.1}% 17
\BOOKMARK [3][-]{subsubsection.5.1.3}{Gener\341tory pseudon\341hodn\375ch posloupnost\355}{subsection.5.1}% 18
\BOOKMARK [2][-]{subsection.5.2}{Modul\341tory}{section.5}% 19
\BOOKMARK [3][-]{subsubsection.5.2.1}{Tvarovace sign\341lu v z\341kladn\355m p\341smu}{subsection.5.2}% 20
\BOOKMARK [3][-]{subsubsection.5.2.2}{Up \205 Converter}{subsection.5.2}% 21
\BOOKMARK [2][-]{subsection.5.3}{Pomocn\351 funkce}{section.5}% 22
\BOOKMARK [2][-]{subsection.5.4}{Filtry}{section.5}% 23
\BOOKMARK [3][-]{subsubsection.5.4.1}{Tvarovace impulzu}{subsection.5.4}% 24
\BOOKMARK [1][-]{section.6}{Implementace - popis vytvoren\375ch programu}{}% 25
\BOOKMARK [2][-]{subsection.6.1}{Implementace vys\355lace pomoc\355 GNURadio v jazyce Python}{section.6}% 26
\BOOKMARK [2][-]{subsection.6.2}{Implementace vys\355lace pomoc\355 API funkc\355 UHD v jazyce C++}{section.6}% 27
